********************************************************************************
DUPLICATOR-LITE PACKAGE-LOG: April 28, 2023 10:52 pm
NOTICE: Do NOT post to public sites or forums 
********************************************************************************
VERSION:	1.5.3.1
WORDPRESS:	6.2
PHP INFO:	7.0.16 | SAPI: cgi-fcgi
SERVER:		Apache/2.4.54 (Unix) mod_fastcgi/mod_fastcgi-SNAP-0910052141 OpenSSL/1.0.2u mod_wsgi/3.5 Python/2.7.18 
PHP TIME LIMIT: (0) no time limit imposed 
PHP MAX MEMORY: 4294967296 (128M default) 
MEMORY STACK: 2MB
[CTRL DUP ARCIVE] PACKAGE AS NEW ID 2 SAVED | STATUS:0
[DUP ARCHIVE] BUILDING DATABASE

********************************************************************************
DATABASE:
********************************************************************************
BUILD MODE:   MYSQLDUMP
MYSQLTIMEOUT: 5000
MYSQLDUMP:    Is Supported
MYSQL DUMP ERROR 2

==================================================================================
DUPLICATOR ERROR
Please try again! If the error persists see the Duplicator 'Help' menu.
---------------------------------------------------------------------------------
MESSAGE:
	Shell mysql dump error. Change SQL Mode to the "PHP Code" in the Duplicator > Settings > Packages.
DETAILS:
	mysqldump: Got error: 2002: Can't connect to local MySQL server through socket '/tmp/mysql.sock' (2) when trying to connect
/* Duplicator WordPress Timestamp: 2023-04-28 22:52:13*/
/* DUPLICATOR_MYSQLDUMP_EOF */
TRACE:
	 1. class.pack.database.php : error (597)
	 2. class.pack.database.php : mysqlDump (223)
	 3. class.pack.php : build (1303)
	 4. ctrl.package.php : runDupArchiveBuild (170)
	 5. class-wp-hook.php : duplicator_duparchive_package_build (308)
	 6. class-wp-hook.php : apply_filters (332)
	 7. plugin.php : do_action (517)
	 8. admin-ajax.php : do_action (188)
==================================================================================


==================================================================================
DUPLICATOR ERROR
Please try again! If the error persists see the Duplicator 'Help' menu.
---------------------------------------------------------------------------------
MESSAGE:
	Runtime error in DUP_Database::Build. Shell mysql dump error. Change SQL Mode to the "PHP Code" in the Duplicator > Settings > Packages.
DETAILS:
	Exception: Exception: Shell mysql dump error. Change SQL Mode to the "PHP Code" in the Duplicator > Settings > Packages. in /Users/brandonpae/Sites/map/wp-content/plugins/duplicator/classes/class.logging.php:301
Stack trace:
#0 /Users/brandonpae/Sites/map/wp-content/plugins/duplicator/classes/package/class.pack.database.php(597): DUP_Log::error('Shell mysql dum...', 'mysqldump: Got ...', 1)
#1 /Users/brandonpae/Sites/map/wp-content/plugins/duplicator/classes/package/class.pack.database.php(223): DUP_Database->mysqlDump('/usr/local/mysq...')
#2 /Users/brandonpae/Sites/map/wp-content/plugins/duplicator/classes/package/class.pack.php(1303): DUP_Database->build(Object(DUP_Package), 1)
#3 /Users/brandonpae/Sites/map/wp-content/plugins/duplicator/ctrls/ctrl.package.php(170): DUP_Package->runDupArchiveBuild()
#4 /Users/brandonpae/Sites/map/wp-includes/class-wp-hook.php(308): duplicator_duparchive_package_build('')
#5 /Users/brandonpae/Sites/map/wp-includes/class-wp-hook.php(332): WP_Hook->apply_filters('', Array)
#6 /Users/brandonpae/Sites/map/wp-includes/plugin.php(517): WP_Hook->do_action(Array)
#7 /Users/brandonpae/Sites/map/wp-admin/admin-ajax.php(188): do_action('wp_ajax_duplica...')
#8 {main}
TRACE:
	 1. class.pack.database.php : error (253)
	 2. class.pack.php : build (1303)
	 3. ctrl.package.php : runDupArchiveBuild (170)
	 4. class-wp-hook.php : duplicator_duparchive_package_build (308)
	 5. class-wp-hook.php : apply_filters (332)
	 6. plugin.php : do_action (517)
	 7. admin-ajax.php : do_action (188)
==================================================================================

[CTRL DUP ARCIVE] ERROR: caught exception

==================================================================================
DUPLICATOR ERROR
Please try again! If the error persists see the Duplicator 'Help' menu.
---------------------------------------------------------------------------------
MESSAGE:
	[CTRL DUP ARCIVE]  Caught exception
DETAILS:
	Runtime error in DUP_Database::Build. Shell mysql dump error. Change SQL Mode to the "PHP Code" in the Duplicator > Settings > Packages.
TRACE:
	 1. ctrl.package.php : error (173)
	 2. class-wp-hook.php : duplicator_duparchive_package_build (308)
	 3. class-wp-hook.php : apply_filters (332)
	 4. plugin.php : do_action (517)
	 5. admin-ajax.php : do_action (188)
==================================================================================

[CTRL DUP ARCIVE] ERROR: after log
[CTRL DUP ARCIVE] COMPLETED PACKAGE STATUS: -1.0
[CTRL DUP ARCIVE] ERROR

==================================================================================
DUPLICATOR ERROR
Please try again! If the error persists see the Duplicator 'Help' menu.
---------------------------------------------------------------------------------
MESSAGE:
	Build failed so sending back error
DETAILS:
	Error building DupArchive package&lt;br/&gt;
TRACE:
	 1. ctrl.package.php : error (197)
	 2. class-wp-hook.php : duplicator_duparchive_package_build (308)
	 3. class-wp-hook.php : apply_filters (332)
	 4. plugin.php : do_action (517)
	 5. admin-ajax.php : do_action (188)
==================================================================================

[CTRL DUP ARCIVE] ERROR AFTER LOG 2
