********************************************************************************
DUPLICATOR-LITE PACKAGE-LOG: April 28, 2023 11:00 pm
NOTICE: Do NOT post to public sites or forums 
********************************************************************************
VERSION:	1.5.3.1
WORDPRESS:	6.2
PHP INFO:	8.2.0 | SAPI: cgi-fcgi
SERVER:		Apache/2.4.54 (Unix) mod_fastcgi/mod_fastcgi-SNAP-0910052141 OpenSSL/1.0.2u mod_wsgi/3.5 Python/2.7.18 
PHP TIME LIMIT: (0) no time limit imposed 
PHP MAX MEMORY: 4294967296 (128M default) 
MEMORY STACK: 42.5MB

********************************************************************************
DATABASE:
********************************************************************************
BUILD MODE:   PHP(query limit - 100)
MYSQLTIMEOUT: 5000
MYSQLDUMP:    Is Supported
TABLES: total:30 | filtered:0 | create:30
FILTERED: []
[PHP ERR][ISSUE] MSG:Creation of dynamic property DUP_Database::$sameNameTableExists is deprecated [CODE:8192|FILE:/Users/brandonpae/Sites/map/wp-content/plugins/duplicator/classes/package/class.pack.database.php|LINE:761]
do_action('wp_ajax_duplicator_package_build'), WP_Hook->do_action, WP_Hook->apply_filters, duplicator_package_build, DUP_Package->runZipBuild, DUP_Database->build, DUP_Database->phpDump, DUP_Database->rewriteTableNameAs, DUP_Handler::error, DUP_Handler::getMessage
SQL CREATED: 20230428_artaic_d208cbccc977329a2185_20230428230051_database.sql
SQL FILE SIZE: 1.53MB (1604255)
SQL FILE TIME: 2023-04-28 23:00:55
SQL RUNTIME: 0.14 sec.

********************************************************************************
ARCHIVE (ZIP):
********************************************************************************
ARCHIVE DIR:  /Users/brandonpae/Sites/map
ARCHIVE FILE: 20230428_artaic_d208cbccc977329a2185_20230428230051_archive.zip
FILTERS: *OFF*
DIRS:
	not set
FILES:
	not set
EXTS:  not set
----------------------------------------
COMPRESSING
SIZE:	145.15MB
STATS:	Dirs 1,913 | Files 7,812
SQL ADDED: 20230428_artaic_d208cbccc977329a2185_20230428230051_database.sql
ZipArchive Object
(
    [lastId] => 9724
    [status] => 0
    [statusSys] => 0
    [numFiles] => 9725
    [filename] => /Users/brandonpae/Sites/map/wp-content/backups-dup-lite/tmp/20230428_artaic_d208cbccc977329a2185_20230428230051_archive.zip
    [comment] => 
)

FILE ADDED TO ZIP: 9724
COMPRESSION RESULT: '1'
COMPRESSED SIZE: 46.37MB
ARCHIVE RUNTIME: 10.40 sec.
MEMORY STACK: 44.5MB
building installer
ARCHIVE CONSISTENCY TEST: PASS

********************************************************************************
INTEGRITY CHECKS:
********************************************************************************
SQL FILE: 1.53MB
INSTALLER FILE: 73.35KB
ARCHIVE FILE: 48.29MB 
EXPECTED FILE/DIRECTORY COUNT: 9,725
ACTUAL FILE/DIRECTORY COUNT: 9,724
ARCHIVE CONSISTENCY TEST: Pass

********************************************************************************
RECORD ID:[4]
TOTAL PROCESS RUNTIME: 14.85 sec.
PEAK PHP MEMORY USED: 48.5MB
DONE PROCESSING => 20230428_artaic April 28, 2023 11:01 pm

